<?xml version="1.0" encoding="UTF-8"?>
<!-- Generated by org.testng.reporters.JUnitReportReporter -->
<testsuite hostname="Admin" failures="0" tests="1" name="com.DemoTest.ParaMetersTest" time="0.057" errors="0" timestamp="2021-08-04T09:01:24 IST" skipped="0">
  <testcase classname="com.DemoTest.ParaMetersTest" name="params" time="0.057"/>
  <system-out/>
</testsuite> <!-- com.DemoTest.ParaMetersTest -->
